<?xml version="1.0" encoding="UTF-8"?>
<!-- Generated by org.testng.reporters.JUnitXMLReporter -->
<testsuite hostname="Minas-MacBook-Pro.local" name="Default test" tests="4" failures="0" timestamp="24 May 2019 07:41:07 GMT" time="0.275" errors="0">
  <testcase name="testNonEqualsPassword" time="0.012" classname="unittesting.parcijalni.UnitServiceTest"/>
  <testcase name="testNullUser" time="0.001" classname="unittesting.parcijalni.UnitServiceTest"/>
  <testcase name="testPasswordWithDigit" time="0.001" classname="unittesting.parcijalni.UnitServiceTest"/>
  <testcase name="testPasswordWithoutDigit" time="0.001" classname="unittesting.parcijalni.UnitServiceTest"/>
</testsuite> <!-- Default test -->
