<?xml version="1.0" encoding="UTF-8"?>
<testng-results skipped="4" failed="0" total="4" passed="0">
  <reporter-output>
  </reporter-output>
  <suite name="Default suite" duration-ms="37" started-at="2020-02-19T20:09:33Z" finished-at="2020-02-19T20:09:33Z">
    <groups>
    </groups>
    <test name="Default test" duration-ms="37" started-at="2020-02-19T20:09:33Z" finished-at="2020-02-19T20:09:33Z">
      <class name="unittesting.parcijalni.StudentServiceTest">
        <test-method status="FAIL" signature="setUp()[pri:0, instance:unittesting.parcijalni.StudentServiceTest@215be6bb]" name="setUp" is-config="true" duration-ms="0" started-at="2020-02-19T21:09:33Z" finished-at="2020-02-19T21:09:33Z">
          <exception class="java.lang.Error">
            <message>
              <![CDATA[Unresolved compilation problem: 
	The declared package "unittesting.student" does not match the expected package "unittesting.parcijalni"
]]>
            </message>
            <full-stacktrace>
              <![CDATA[java.lang.Error: Unresolved compilation problem: 
	The declared package "unittesting.student" does not match the expected package "unittesting.parcijalni"

	at unittesting.parcijalni.StudentService.<init>(StudentService.java:1)
	at unittesting.parcijalni.StudentServiceTest.setUp(StudentServiceTest.java:16)
	at sun.reflect.NativeMethodAccessorImpl.invoke0(Native Method)
	at sun.reflect.NativeMethodAccessorImpl.invoke(NativeMethodAccessorImpl.java:62)
	at sun.reflect.DelegatingMethodAccessorImpl.invoke(DelegatingMethodAccessorImpl.java:43)
	at java.lang.reflect.Method.invoke(Method.java:498)
	at org.testng.internal.MethodInvocationHelper.invokeMethod(MethodInvocationHelper.java:86)
	at org.testng.internal.Invoker.invokeConfigurationMethod(Invoker.java:514)
	at org.testng.internal.Invoker.invokeConfigurations(Invoker.java:215)
	at org.testng.internal.Invoker.invokeConfigurations(Invoker.java:142)
	at org.testng.internal.TestMethodWorker.invokeBeforeClassMethods(TestMethodWorker.java:178)
	at org.testng.internal.TestMethodWorker.run(TestMethodWorker.java:108)
	at org.testng.TestRunner.privateRun(TestRunner.java:782)
	at org.testng.TestRunner.run(TestRunner.java:632)
	at org.testng.SuiteRunner.runTest(SuiteRunner.java:366)
	at org.testng.SuiteRunner.runSequentially(SuiteRunner.java:361)
	at org.testng.SuiteRunner.privateRun(SuiteRunner.java:319)
	at org.testng.SuiteRunner.run(SuiteRunner.java:268)
	at org.testng.SuiteRunnerWorker.runSuite(SuiteRunnerWorker.java:52)
	at org.testng.SuiteRunnerWorker.run(SuiteRunnerWorker.java:86)
	at org.testng.TestNG.runSuitesSequentially(TestNG.java:1244)
	at org.testng.TestNG.runSuitesLocally(TestNG.java:1169)
	at org.testng.TestNG.run(TestNG.java:1064)
	at org.testng.remote.AbstractRemoteTestNG.run(AbstractRemoteTestNG.java:114)
	at org.testng.remote.RemoteTestNG.initAndRun(RemoteTestNG.java:251)
	at org.testng.remote.RemoteTestNG.main(RemoteTestNG.java:77)
]]>
            </full-stacktrace>
          </exception> <!-- java.lang.Error -->
          <reporter-output>
          </reporter-output>
        </test-method> <!-- setUp -->
        <test-method status="SKIP" signature="testStudentNoMany()[pri:0, instance:unittesting.parcijalni.StudentServiceTest@215be6bb]" name="testStudentNoMany" duration-ms="1" started-at="2020-02-19T21:09:33Z" finished-at="2020-02-19T21:09:33Z">
          <reporter-output>
          </reporter-output>
        </test-method> <!-- testStudentNoMany -->
        <test-method status="SKIP" signature="testStudentNotActiv()[pri:0, instance:unittesting.parcijalni.StudentServiceTest@215be6bb]" name="testStudentNotActiv" duration-ms="1" started-at="2020-02-19T21:09:33Z" finished-at="2020-02-19T21:09:33Z">
          <reporter-output>
          </reporter-output>
        </test-method> <!-- testStudentNotActiv -->
        <test-method status="SKIP" signature="testStudnet()[pri:0, instance:unittesting.parcijalni.StudentServiceTest@215be6bb]" name="testStudnet" duration-ms="1" started-at="2020-02-19T21:09:33Z" finished-at="2020-02-19T21:09:33Z">
          <reporter-output>
          </reporter-output>
        </test-method> <!-- testStudnet -->
        <test-method status="SKIP" signature="testWithException()[pri:0, instance:unittesting.parcijalni.StudentServiceTest@215be6bb]" name="testWithException" duration-ms="0" started-at="2020-02-19T21:09:33Z" finished-at="2020-02-19T21:09:33Z">
          <reporter-output>
          </reporter-output>
        </test-method> <!-- testWithException -->
      </class> <!-- unittesting.parcijalni.StudentServiceTest -->
    </test> <!-- Default test -->
  </suite> <!-- Default suite -->
</testng-results>
