<?xml version="1.0" encoding="UTF-8"?>
<testng-results skipped="0" failed="0" total="4" passed="4">
  <reporter-output>
  </reporter-output>
  <suite name="Default suite" duration-ms="275" started-at="2019-05-24T07:41:06Z" finished-at="2019-05-24T07:41:07Z">
    <groups>
    </groups>
    <test name="Default test" duration-ms="275" started-at="2019-05-24T07:41:06Z" finished-at="2019-05-24T07:41:07Z">
      <class name="unittesting.parcijalni.UnitServiceTest">
        <test-method status="PASS" signature="setUp()[pri:0, instance:unittesting.parcijalni.UnitServiceTest@1810399e]" name="setUp" is-config="true" duration-ms="246" started-at="2019-05-24T09:41:06Z" finished-at="2019-05-24T09:41:07Z">
          <reporter-output>
          </reporter-output>
        </test-method> <!-- setUp -->
        <test-method status="PASS" signature="testNonEqualsPassword()[pri:0, instance:unittesting.parcijalni.UnitServiceTest@1810399e]" name="testNonEqualsPassword" duration-ms="12" started-at="2019-05-24T09:41:07Z" finished-at="2019-05-24T09:41:07Z">
          <reporter-output>
          </reporter-output>
        </test-method> <!-- testNonEqualsPassword -->
        <test-method status="PASS" signature="setUp()[pri:0, instance:unittesting.parcijalni.UnitServiceTest@1810399e]" name="setUp" is-config="true" duration-ms="0" started-at="2019-05-24T09:41:07Z" finished-at="2019-05-24T09:41:07Z">
          <reporter-output>
          </reporter-output>
        </test-method> <!-- setUp -->
        <test-method status="PASS" signature="testNullUser()[pri:0, instance:unittesting.parcijalni.UnitServiceTest@1810399e]" name="testNullUser" duration-ms="1" started-at="2019-05-24T09:41:07Z" finished-at="2019-05-24T09:41:07Z">
          <exception class="java.lang.NullPointerException">
            <full-stacktrace>
              <![CDATA[java.lang.NullPointerException
	at unittesting.parcijalni.UserService.changePassword(UserService.java:33)
	at unittesting.parcijalni.UnitServiceTest.testNullUser(UnitServiceTest.java:26)
	at sun.reflect.NativeMethodAccessorImpl.invoke0(Native Method)
	at sun.reflect.NativeMethodAccessorImpl.invoke(NativeMethodAccessorImpl.java:62)
	at sun.reflect.DelegatingMethodAccessorImpl.invoke(DelegatingMethodAccessorImpl.java:43)
	at java.lang.reflect.Method.invoke(Method.java:498)
	at org.testng.internal.MethodInvocationHelper.invokeMethod(MethodInvocationHelper.java:86)
	at org.testng.internal.Invoker.invokeMethod(Invoker.java:643)
	at org.testng.internal.Invoker.invokeTestMethod(Invoker.java:820)
	at org.testng.internal.Invoker.invokeTestMethods(Invoker.java:1128)
	at org.testng.internal.TestMethodWorker.invokeTestMethods(TestMethodWorker.java:129)
	at org.testng.internal.TestMethodWorker.run(TestMethodWorker.java:112)
	at org.testng.TestRunner.privateRun(TestRunner.java:782)
	at org.testng.TestRunner.run(TestRunner.java:632)
	at org.testng.SuiteRunner.runTest(SuiteRunner.java:366)
	at org.testng.SuiteRunner.runSequentially(SuiteRunner.java:361)
	at org.testng.SuiteRunner.privateRun(SuiteRunner.java:319)
	at org.testng.SuiteRunner.run(SuiteRunner.java:268)
	at org.testng.SuiteRunnerWorker.runSuite(SuiteRunnerWorker.java:52)
	at org.testng.SuiteRunnerWorker.run(SuiteRunnerWorker.java:86)
	at org.testng.TestNG.runSuitesSequentially(TestNG.java:1244)
	at org.testng.TestNG.runSuitesLocally(TestNG.java:1169)
	at org.testng.TestNG.run(TestNG.java:1064)
	at org.testng.remote.AbstractRemoteTestNG.run(AbstractRemoteTestNG.java:114)
	at org.testng.remote.RemoteTestNG.initAndRun(RemoteTestNG.java:251)
	at org.testng.remote.RemoteTestNG.main(RemoteTestNG.java:77)
]]>
            </full-stacktrace>
          </exception> <!-- java.lang.NullPointerException -->
          <reporter-output>
          </reporter-output>
        </test-method> <!-- testNullUser -->
        <test-method status="PASS" signature="testPasswordWithDigit()[pri:0, instance:unittesting.parcijalni.UnitServiceTest@1810399e]" name="testPasswordWithDigit" duration-ms="1" started-at="2019-05-24T09:41:07Z" finished-at="2019-05-24T09:41:07Z">
          <reporter-output>
          </reporter-output>
        </test-method> <!-- testPasswordWithDigit -->
        <test-method status="PASS" signature="setUp()[pri:0, instance:unittesting.parcijalni.UnitServiceTest@1810399e]" name="setUp" is-config="true" duration-ms="0" started-at="2019-05-24T09:41:07Z" finished-at="2019-05-24T09:41:07Z">
          <reporter-output>
          </reporter-output>
        </test-method> <!-- setUp -->
        <test-method status="PASS" signature="setUp()[pri:0, instance:unittesting.parcijalni.UnitServiceTest@1810399e]" name="setUp" is-config="true" duration-ms="0" started-at="2019-05-24T09:41:07Z" finished-at="2019-05-24T09:41:07Z">
          <reporter-output>
          </reporter-output>
        </test-method> <!-- setUp -->
        <test-method status="PASS" signature="testPasswordWithoutDigit()[pri:0, instance:unittesting.parcijalni.UnitServiceTest@1810399e]" name="testPasswordWithoutDigit" duration-ms="1" started-at="2019-05-24T09:41:07Z" finished-at="2019-05-24T09:41:07Z">
          <reporter-output>
          </reporter-output>
        </test-method> <!-- testPasswordWithoutDigit -->
      </class> <!-- unittesting.parcijalni.UnitServiceTest -->
    </test> <!-- Default test -->
  </suite> <!-- Default suite -->
</testng-results>
